<?xml version="1.0" encoding="UTF-8"?>
<!-- Generated by org.testng.reporters.JUnitXMLReporter -->
<testsuite ignored="0" hostname="MADHAV" failures="0" tests="7" name="Checkout Flow Tests" time="182.653" errors="0" timestamp="2026-04-01T10:29:48 IST">
  <testcase classname="com.mustadam.tests.CheckoutFlowTest" name="testValidLogin" time="49.27"/>
  <testcase classname="com.mustadam.tests.CheckoutFlowTest" name="testAddProductToCart" time="6.28"/>
  <testcase classname="com.mustadam.tests.CheckoutFlowTest" name="testValidateCartDetails" time="6.701"/>
  <testcase classname="com.mustadam.tests.CheckoutFlowTest" name="testValidateOrderSummary" time="4.837"/>
  <testcase classname="com.mustadam.tests.CheckoutFlowTest" name="testInvalidLogin" time="28.861"/>
  <testcase classname="com.mustadam.tests.CheckoutFlowTest" name="testEmptyCredentialsLogin" time="25.411"/>
  <testcase classname="com.mustadam.tests.CheckoutFlowTest" name="testInvalidProductSearch" time="38.292"/>
</testsuite> <!-- Checkout Flow Tests -->
