<?xml version="1.0" encoding="UTF-8"?>
<!-- Generated by org.testng.reporters.JUnitXMLReporter -->
<testsuite ignored="0" hostname="MADHAV" failures="0" tests="7" name="Checkout Flow Tests" time="477.853" errors="0" timestamp="2026-04-01T10:06:01 IST">
  <testcase classname="com.mustadam.tests.CheckoutFlowTest" name="testValidLogin" time="138.555"/>
  <testcase classname="com.mustadam.tests.CheckoutFlowTest" name="testAddProductToCart" time="88.046"/>
  <testcase classname="com.mustadam.tests.CheckoutFlowTest" name="testValidateCartDetails" time="21.795"/>
  <testcase classname="com.mustadam.tests.CheckoutFlowTest" name="testValidateOrderSummary" time="9.413"/>
  <testcase classname="com.mustadam.tests.CheckoutFlowTest" name="testInvalidLogin" time="46.999"/>
  <testcase classname="com.mustadam.tests.CheckoutFlowTest" name="testEmptyCredentialsLogin" time="31.66"/>
  <testcase classname="com.mustadam.tests.CheckoutFlowTest" name="testInvalidProductSearch" time="42.661"/>
</testsuite> <!-- Checkout Flow Tests -->
