<?xml version="1.0" encoding="UTF-8"?>
<testng-results ignored="0" total="7" passed="7" failed="0" skipped="0">
  <reporter-output>
  </reporter-output>
  <suite started-at="2026-04-01T10:26:45 IST" name="Mustadam Checkout Suite" finished-at="2026-04-01T10:29:48 IST" duration-ms="182653">
    <groups>
    </groups>
    <test started-at="2026-04-01T10:26:45 IST" name="Checkout Flow Tests" finished-at="2026-04-01T10:29:48 IST" duration-ms="182653">
      <class name="com.mustadam.tests.CheckoutFlowTest">
        <test-method is-config="true" signature="setUp()[pri:0, instance:com.mustadam.tests.CheckoutFlowTest@765d7657]" started-at="2026-04-01T10:26:46 IST" name="setUp" finished-at="2026-04-01T10:27:08 IST" duration-ms="22246" status="PASS">
          <reporter-output>
          </reporter-output>
        </test-method> <!-- setUp -->
        <test-method signature="testValidLogin()[pri:1, instance:com.mustadam.tests.CheckoutFlowTest@765d7657]" started-at="2026-04-01T10:27:08 IST" name="testValidLogin" finished-at="2026-04-01T10:27:57 IST" duration-ms="49270" status="PASS">
          <reporter-output>
          </reporter-output>
        </test-method> <!-- testValidLogin -->
        <test-method signature="testAddProductToCart()[pri:2, instance:com.mustadam.tests.CheckoutFlowTest@765d7657]" started-at="2026-04-01T10:27:57 IST" name="testAddProductToCart" finished-at="2026-04-01T10:28:03 IST" depends-on-methods="com.mustadam.tests.CheckoutFlowTest.testValidLogin" duration-ms="6280" status="PASS">
          <reporter-output>
          </reporter-output>
        </test-method> <!-- testAddProductToCart -->
        <test-method signature="testValidateCartDetails()[pri:3, instance:com.mustadam.tests.CheckoutFlowTest@765d7657]" started-at="2026-04-01T10:28:03 IST" name="testValidateCartDetails" finished-at="2026-04-01T10:28:10 IST" depends-on-methods="com.mustadam.tests.CheckoutFlowTest.testAddProductToCart" duration-ms="6701" status="PASS">
          <reporter-output>
          </reporter-output>
        </test-method> <!-- testValidateCartDetails -->
        <test-method signature="testValidateOrderSummary()[pri:4, instance:com.mustadam.tests.CheckoutFlowTest@765d7657]" started-at="2026-04-01T10:28:10 IST" name="testValidateOrderSummary" finished-at="2026-04-01T10:28:15 IST" depends-on-methods="com.mustadam.tests.CheckoutFlowTest.testValidateCartDetails" duration-ms="4837" status="PASS">
          <reporter-output>
          </reporter-output>
        </test-method> <!-- testValidateOrderSummary -->
        <test-method signature="testInvalidLogin()[pri:5, instance:com.mustadam.tests.CheckoutFlowTest@765d7657]" started-at="2026-04-01T10:28:15 IST" name="testInvalidLogin" finished-at="2026-04-01T10:28:44 IST" duration-ms="28861" status="PASS">
          <reporter-output>
          </reporter-output>
        </test-method> <!-- testInvalidLogin -->
        <test-method signature="testEmptyCredentialsLogin()[pri:6, instance:com.mustadam.tests.CheckoutFlowTest@765d7657]" started-at="2026-04-01T10:28:44 IST" name="testEmptyCredentialsLogin" finished-at="2026-04-01T10:29:09 IST" duration-ms="25411" status="PASS">
          <reporter-output>
          </reporter-output>
        </test-method> <!-- testEmptyCredentialsLogin -->
        <test-method signature="testInvalidProductSearch()[pri:7, instance:com.mustadam.tests.CheckoutFlowTest@765d7657]" started-at="2026-04-01T10:29:09 IST" name="testInvalidProductSearch" finished-at="2026-04-01T10:29:48 IST" duration-ms="38292" status="PASS">
          <reporter-output>
          </reporter-output>
        </test-method> <!-- testInvalidProductSearch -->
        <test-method is-config="true" signature="tearDown()[pri:0, instance:com.mustadam.tests.CheckoutFlowTest@765d7657]" started-at="2026-04-01T10:29:48 IST" name="tearDown" finished-at="2026-04-01T10:29:48 IST" duration-ms="558" status="PASS">
          <reporter-output>
          </reporter-output>
        </test-method> <!-- tearDown -->
      </class> <!-- com.mustadam.tests.CheckoutFlowTest -->
    </test> <!-- Checkout Flow Tests -->
  </suite> <!-- Mustadam Checkout Suite -->
</testng-results>
