<?xml version="1.0" encoding="UTF-8"?>
<testng-results ignored="0" total="7" passed="7" failed="0" skipped="0">
  <reporter-output>
  </reporter-output>
  <suite started-at="2026-04-01T09:58:03 IST" name="Mustadam Checkout Suite" finished-at="2026-04-01T10:06:01 IST" duration-ms="477853">
    <groups>
    </groups>
    <test started-at="2026-04-01T09:58:03 IST" name="Checkout Flow Tests" finished-at="2026-04-01T10:06:01 IST" duration-ms="477853">
      <class name="com.mustadam.tests.CheckoutFlowTest">
        <test-method is-config="true" signature="setUp()[pri:0, instance:com.mustadam.tests.CheckoutFlowTest@3eb738bb]" started-at="2026-04-01T09:58:03 IST" name="setUp" finished-at="2026-04-01T09:59:40 IST" duration-ms="96889" status="PASS">
          <reporter-output>
          </reporter-output>
        </test-method> <!-- setUp -->
        <test-method signature="testValidLogin()[pri:1, instance:com.mustadam.tests.CheckoutFlowTest@3eb738bb]" started-at="2026-04-01T09:59:40 IST" name="testValidLogin" finished-at="2026-04-01T10:01:59 IST" duration-ms="138555" status="PASS">
          <reporter-output>
          </reporter-output>
        </test-method> <!-- testValidLogin -->
        <test-method signature="testAddProductToCart()[pri:2, instance:com.mustadam.tests.CheckoutFlowTest@3eb738bb]" started-at="2026-04-01T10:01:59 IST" name="testAddProductToCart" finished-at="2026-04-01T10:03:27 IST" depends-on-methods="com.mustadam.tests.CheckoutFlowTest.testValidLogin" duration-ms="88046" status="PASS">
          <reporter-output>
          </reporter-output>
        </test-method> <!-- testAddProductToCart -->
        <test-method signature="testValidateCartDetails()[pri:3, instance:com.mustadam.tests.CheckoutFlowTest@3eb738bb]" started-at="2026-04-01T10:03:27 IST" name="testValidateCartDetails" finished-at="2026-04-01T10:03:48 IST" depends-on-methods="com.mustadam.tests.CheckoutFlowTest.testAddProductToCart" duration-ms="21795" status="PASS">
          <reporter-output>
          </reporter-output>
        </test-method> <!-- testValidateCartDetails -->
        <test-method signature="testValidateOrderSummary()[pri:4, instance:com.mustadam.tests.CheckoutFlowTest@3eb738bb]" started-at="2026-04-01T10:03:48 IST" name="testValidateOrderSummary" finished-at="2026-04-01T10:03:58 IST" depends-on-methods="com.mustadam.tests.CheckoutFlowTest.testValidateCartDetails" duration-ms="9413" status="PASS">
          <reporter-output>
          </reporter-output>
        </test-method> <!-- testValidateOrderSummary -->
        <test-method signature="testInvalidLogin()[pri:5, instance:com.mustadam.tests.CheckoutFlowTest@3eb738bb]" started-at="2026-04-01T10:03:58 IST" name="testInvalidLogin" finished-at="2026-04-01T10:04:45 IST" duration-ms="46999" status="PASS">
          <reporter-output>
          </reporter-output>
        </test-method> <!-- testInvalidLogin -->
        <test-method signature="testEmptyCredentialsLogin()[pri:6, instance:com.mustadam.tests.CheckoutFlowTest@3eb738bb]" started-at="2026-04-01T10:04:45 IST" name="testEmptyCredentialsLogin" finished-at="2026-04-01T10:05:16 IST" duration-ms="31660" status="PASS">
          <reporter-output>
          </reporter-output>
        </test-method> <!-- testEmptyCredentialsLogin -->
        <test-method signature="testInvalidProductSearch()[pri:7, instance:com.mustadam.tests.CheckoutFlowTest@3eb738bb]" started-at="2026-04-01T10:05:17 IST" name="testInvalidProductSearch" finished-at="2026-04-01T10:05:59 IST" duration-ms="42661" status="PASS">
          <reporter-output>
          </reporter-output>
        </test-method> <!-- testInvalidProductSearch -->
        <test-method is-config="true" signature="tearDown()[pri:0, instance:com.mustadam.tests.CheckoutFlowTest@3eb738bb]" started-at="2026-04-01T10:05:59 IST" name="tearDown" finished-at="2026-04-01T10:06:01 IST" duration-ms="1631" status="PASS">
          <reporter-output>
          </reporter-output>
        </test-method> <!-- tearDown -->
      </class> <!-- com.mustadam.tests.CheckoutFlowTest -->
    </test> <!-- Checkout Flow Tests -->
  </suite> <!-- Mustadam Checkout Suite -->
</testng-results>
