<?xml version="1.0" encoding="UTF-8"?>
<!-- Generated by org.testng.reporters.JUnitReportReporter -->
<testsuite hostname="MADHAV" failures="0" tests="7" name="com.mustadam.tests.CheckoutFlowTest" time="159.652" errors="0" timestamp="2026-04-01T10:29:48 IST" skipped="0">
  <testcase classname="com.mustadam.tests.CheckoutFlowTest" name="testValidLogin" time="49.270"/>
  <testcase classname="com.mustadam.tests.CheckoutFlowTest" name="testAddProductToCart" time="6.280"/>
  <testcase classname="com.mustadam.tests.CheckoutFlowTest" name="testValidateCartDetails" time="6.701"/>
  <testcase classname="com.mustadam.tests.CheckoutFlowTest" name="testValidateOrderSummary" time="4.837"/>
  <testcase classname="com.mustadam.tests.CheckoutFlowTest" name="testInvalidLogin" time="28.861"/>
  <testcase classname="com.mustadam.tests.CheckoutFlowTest" name="testEmptyCredentialsLogin" time="25.411"/>
  <testcase classname="com.mustadam.tests.CheckoutFlowTest" name="testInvalidProductSearch" time="38.292"/>
</testsuite> <!-- com.mustadam.tests.CheckoutFlowTest -->
